GCF_003935025.1	Abrus_2018	Abrus precatorius	#
GCA_019022655.1	ASM1902265v1	Acacia acuminata	#
GCA_019022615.1	ASM1902261v1	Acacia melanoxylon	#
GCA_013621005.1	IRD_Aeve_1.1	Aeschynomene evenia	#
GCA_014843725.1	ASM1484372v1	Amphicarpaea edgeworthii	#
GCA_018493915.1	araca.K10017.gnm1.DQ4M	Arachis cardenasii	#
GCF_000817695.2	aradu1.1	Arachis duranensis	https://ftp.ncbi.nlm.nih.gov/genomes/all/GCF/000/817/695/GCF_000817695.2_Aradu1.1/GCF_000817695.2_Aradu1.1_cds_from_genomic.fna.gz
GCF_003086295.2	arahy.Tifrunner.gnm1.KYV3	Arachis hypogaea	https://ftp.ncbi.nlm.nih.gov/genomes/all/GCF/003/086/295/GCF_003086295.2_arahy.Tifrunner.gnm1.KYV3/GCF_003086295.2_arahy.Tifrunner.gnm1.KYV3_cds_from_genomic.fna.gz
GCF_000816755.2	Araip1.1	Arachis ipaensis	https://ftp.ncbi.nlm.nih.gov/genomes/all/GCF/000/816/755/GCF_000816755.2_Araip1.1/GCF_000816755.2_Araip1.1_cds_from_genomic.fna.gz
GCA_003063285.1	ASM306328v1	Arachis monticola	#
GCA_014773155.1	arast.V10309.gnm1.PFL2	Arachis stenosperma	#
GCF_000340665.1	C.cajan_V1.0	Cajanus cajan	https://ftp.ncbi.nlm.nih.gov/genomes/all/GCF/000/340/665/GCF_000340665.1_C.cajan_V1.0/GCF_000340665.1_C.cajan_V1.0_cds_from_genomic.fna.gz
GCA_019955255.1	CAUS_2016PP	Castanospermum australe
GCA_003255065.1	ASM325506v1	Cercis canadensis
GCA_003254925.1	ASM325492v1	Chamaecrista fasciculata
GCF_000331145.1	ASM33114v1	Cicer arietinum	https://ftp.ncbi.nlm.nih.gov/genomes/all/GCF/000/331/145/GCF_000331145.1_ASM33114v1/GCF_000331145.1_ASM33114v1_cds_from_genomic.fna.gz
GCA_002896215.2	S2Drd065_v0.5	Cicer echinospermum	#
GCA_003689015.2	ASM368901v2	Cicer reticulatum	#
GCA_012978445.1	ASM1297844v1	Dipteryx alata
GCA_900006205.1	EF_Genome	Eperua falcata
GCA_013407115.1	G.lat_10XGenomicsChromium.v1	Glycine latifolia
GCA_012273815.2	GCF_000004515.6	Glycine max	https://ftp.ncbi.nlm.nih.gov/genomes/all/GCF/000/004/515/GCF_000004515.6_Glycine_max_v4.0/GCF_000004515.6_Glycine_max_v4.0_cds_from_genomic.fna.gz
GCA_004193775.1	ASM419377v1	Glycine soja	https://ftp.ncbi.nlm.nih.gov/genomes/all/GCF/004/193/775/GCF_004193775.1_ASM419377v2/GCF_004193775.1_ASM419377v2_cds_from_genomic.fna.gz
GCA_007407185.1	G_tom_03Nov2016_Ncxrf_filtered	Glycine tomentella
GCA_902207245.1	LS007_EIv1_GenomeAssembly	Lathyrus sativus
GCA_000181115.1	ASM18111v1	Lotus japonicus
GCA_000181115.2	Lj3.0	Lotus japonicus
GCA_009771035.1	CNRS_Lalb_1.0	Lupinus albus
GCA_010261695.1	La_Amiga3.1	Lupinus albus
GCA_002285895.1	ASM228589v1	Lupinus angustifolius
GCA_002285895.2	ASM228589v2	Lupinus angustifolius
GCF_001865875.1	LupAngTanjil_v1.0	Lupinus angustifolius	https://ftp.ncbi.nlm.nih.gov/genomes/all/GCF/001/865/875/GCF_001865875.1_LupAngTanjil_v1.0/GCF_001865875.1_LupAngTanjil_v1.0_cds_from_genomic.fna.gz
GCA_016859785.1	MUN_r1.11	Macrotyloma uniflorum
GCA_020227335.1	ASM2022733v1	Macrotyloma uniflorum
GCA_018208015.1	ASM1820801v1	Medicago ruthenica
GCF_003473485.1	MtrunA17r5.0-ANR	Medicago truncatula	https://ftp.ncbi.nlm.nih.gov/genomes/all/GCF/003/473/485/GCF_003473485.1_MtrunA17r5.0-ANR/GCF_003473485.1_MtrunA17r5.0-ANR_cds_from_genomic.fna.gz
GCA_003254945.1	ASM325494v1	Mimosa pudica
GCA_003370565.1	ASM337056v1	Mucuna pruriens
GCA_003254905.1	ASM325490v1	Nissolia schottii
GCA_003122825.1	UCLA_Phcoc_1.0	Phaseolus coccineus
GCA_013389735.1	COL_Plunatus_1.0	Phaseolus lunatus
GCA_020570325.1	ASM2057032v1	Phaseolus lunatus	#
GCA_001517995.1	phasIbeam10.0	Phaseolus vulgaris
GCA_015708805.1	OAC-Rex_P_vulgaris	Phaseolus vulgaris
GCF_000499845.1	PhaVulg1_0	Phaseolus vulgaris	https://ftp.ncbi.nlm.nih.gov/genomes/all/GCF/000/499/845/GCF_000499845.1_PhaVulg1_0/GCF_000499845.1_PhaVulg1_0_cds_from_genomic.fna.gz
GCA_900700895.2	Pisum_sativum_v1a	Pisum sativum	#
GCF_004799145.1	ASM479914v1	Prosopis alba
GCA_019096045.1	GAAS_Ptho_1.0	Pueraria montana
GCA_014851425.1	ASM1485142v1	Senna tora
GCA_020226215.1	CAF_Sgla_1.0	Sindora glabra
GCA_004329165.1	ASM432916v1	Spatholobus suberectus
GCA_003490085.1	ASM349008v1	Trifolium medium
GCA_012979555.1	Agr_To.v5	Trifolium occidentale
GCA_000583005.2	Tp1.0	Trifolium pratense	https://ftp.ncbi.nlm.nih.gov/genomes/all/GCA/000/583/005/GCA_000583005.2_Tp1.0/GCA_000583005.2_Tp1.0_cds_from_genomic.fna.gz
GCA_005869975.1	AgR_To_v5	Trifolium repens
GCA_001742945.1	TSUd_r1.1	Trifolium subterraneum	https://ftp.ncbi.nlm.nih.gov/genomes/all/GCA/001/742/945/GCA_001742945.1_TSUd_r1.1/GCA_001742945.1_TSUd_r1.1_cds_from_genomic.fna.gz
GCA_006871305.1	Vcoll-BR_v1	Vachellia collinsii
GCA_001375635.1	VfEP_Reference-Unigene	Vicia faba
GCA_018327625.1	VSA_r1.0	Vicia sativa
GCF_001190045.1	Vigan1.1	Vigna angularis	https://ftp.ncbi.nlm.nih.gov/genomes/all/GCF/001/190/045/GCF_001190045.1_Vigan1.1/GCF_001190045.1_Vigan1.1_cds_from_genomic.fna.gz
GCA_013427195.1	ASM1342719v1	Vigna mungo	#
GCF_000741045.1	Vradiata_ver6	Vigna radiata	https://ftp.ncbi.nlm.nih.gov/genomes/all/GCF/000/741/045/GCF_000741045.1_Vradiata_ver6/GCF_000741045.1_Vradiata_ver6_cds_from_genomic.fna.gz
GCA_018835915.1	ASM1883591v1	Vigna umbellata	#
GCF_004118075.1	ASM411807v1	Vigna unguiculata	https://ftp.ncbi.nlm.nih.gov/genomes/all/GCF/004/118/075/GCF_004118075.1_ASM411807v1/GCF_004118075.1_ASM411807v1_cds_from_genomic.fna.gz
