GCA_020341155.1	Ebur_v1.0	Eciton burchellii	https://ftp.ncbi.nlm.nih.gov/genomes/all/GCA/020/341/155/GCA_020341155.1_Ebur_v1.0/GCA_020341155.1_Ebur_v1.0_cds_from_genomic.fna.gz
GCA_019399895.1	Cobs2.1	Cardiocondyla obscurior	#
GCA_017607565.1	ASM1760756v1	Acromyrmex heyeri	https://ftp.ncbi.nlm.nih.gov/genomes/all/GCA/017/607/565/GCA_017607565.1_ASM1760756v1/GCA_017607565.1_ASM1760756v1_cds_from_genomic.fna.gz
GCA_017607545.1	ASM1760754v1	Acromyrmex charruanus	https://ftp.ncbi.nlm.nih.gov/genomes/all/GCA/017/607/545/GCA_017607545.1_ASM1760754v1/GCA_017607545.1_ASM1760754v1_cds_from_genomic.fna.gz
GCA_017607525.1	ASM1760752v1	Pseudoatta argentina	https://ftp.ncbi.nlm.nih.gov/genomes/all/GCA/017/607/525/GCA_017607525.1_ASM1760752v1/GCA_017607525.1_ASM1760752v1_cds_from_genomic.fna.gz
GCA_017607455.1	ASM1760745v1	Acromyrmex insinuator	https://ftp.ncbi.nlm.nih.gov/genomes/all/GCA/017/607/455/GCA_017607455.1_ASM1760745v1/GCA_017607455.1_ASM1760745v1_cds_from_genomic.fna.gz
GCA_017141365.1	WWU_Pcal_1.0	Pogonomyrmex californicus	#
GCF_016802725.1	UNIL_Sinv_3.0	Solenopsis invicta	https://ftp.ncbi.nlm.nih.gov/genomes/all/GCF/016/802/725/GCF_016802725.1_UNIL_Sinv_3.0/GCF_016802725.1_UNIL_Sinv_3.0_cds_from_genomic.fna.gz
GCA_014839585.1	ASM1483958v1	Pseudomyrmex concolor	#
GCA_014825645.1	ASM1482564v1	Pseudomyrmex dendroicus	#
GCA_014825605.1	ASM1482560v1	Pseudomyrmex elongatus	#
GCA_014825475.1	ASM1482547v1	Pseudomyrmex flavicornis	#
GCA_014825455.1	ASM1482545v1	Pseudomyrmex pallidus	#
GCA_014825685.1	ASM1482568v1	Pseudomyrmex cubaensis	#
GCF_013373865.1	ASM1337386v2	Monomorium pharaonis 	https://ftp.ncbi.nlm.nih.gov/genomes/all/GCF/013/373/865/GCF_013373865.1_ASM1337386v2/GCF_013373865.1_ASM1337386v2_cds_from_genomic.fna.gz
GCA_011638315.1	Tpar.v1.0	Tetramorium parvispinum	#
GCA_011636635.1	Tsim.v1.0	Tetramorium simillimum	#
GCA_011636605.1	Tbic.v1.0	Tetramorium bicarinatum	#
GCA_011636585.1	Timm.v1.0	Tetramorium immigrans	#
GCF_010583005.1	Obru_v1	Odontomachus brunneus	https://ftp.ncbi.nlm.nih.gov/genomes/all/GCF/010/583/005/GCF_010583005.1_Obru_v1/GCF_010583005.1_Obru_v1_cds_from_genomic.fna.gz
GCA_009859135.1	ASM985913v1	Formica selysi	#
GCA_901521435.1	Clev_1.0	Crematogaster levior	#
GCF_005281655.1	TAMU_Nfulva_1.0	Nylanderia fulva	https://ftp.ncbi.nlm.nih.gov/genomes/all/GCF/005/281/655/GCF_005281655.1_TAMU_Nfulva_1.0/GCF_005281655.1_TAMU_Nfulva_1.0_cds_from_genomic.fna.gz
GCA_004794745.1	tlon_1.0	Temnothorax longispinosus https://ftp.ncbi.nlm.nih.gov/genomes/all/GCA/004/794/745/GCA_004794745.1_tlon_1.0/GCA_004794745.1_tlon_1.0_cds_from_genomic.fna.gz
GCA_004480015.1	UT_Atex_0.2	Atta texana	#
GCA_004329405.1	Cnig_gn1	Cataglyphis niger	#
GCA_004195275.1	ASM419527v1	Cataglyphis hispanica	#
GCF_003672135.1	Obir_v5.4	Ooceraea biroi	https://ftp.ncbi.nlm.nih.gov/genomes/all/GCF/003/672/135/GCF_003672135.1_Obir_v5.4/GCF_003672135.1_Obir_v5.4_cds_from_genomic.fna.gz
GCF_003651465.1	ASM365146v1	Formica exsecta	https://ftp.ncbi.nlm.nih.gov/genomes/all/GCF/003/651/465/GCF_003651465.1_ASM365146v1/GCF_003651465.1_ASM365146v1_cds_from_genomic.fna.gz
GCA_003595255.1	Sf_gnA	Solenopsis fugax	#
GCF_003227715.1	Hsal_v8.5	Harpegnathos saltator	https://ftp.ncbi.nlm.nih.gov/genomes/all/GCF/003/227/715/GCF_003227715.1_Hsal_v8.5/GCF_003227715.1_Hsal_v8.5_cds_from_genomic.fna.gz
GCF_003227725.1	Cflo_v7.5	Camponotus floridanus	https://ftp.ncbi.nlm.nih.gov/genomes/all/GCF/003/227/725/GCF_003227725.1_Cflo_v7.5/GCF_003227725.1_Cflo_v7.5_cds_from_genomic.fna.gz
GCA_003063865.1	AZXXN	Aphaenogaster picea	#
GCA_003063815.1	AJDMW	Aphaenogaster rudis	#
GCA_003063835.1	AZXXR	Aphaenogaster floridana	#
GCA_003063725.1	AZXXO	Aphaenogaster miamiana	#
GCA_003063745.1	AZXXM	Aphaenogaster rudis	#
GCA_003063765.1	AZXXP	Aphaenogaster fulva	#
GCA_003063805.1	AZXXQ	Aphaenogaster ashmeadi	#
GCF_003070985.1	ASM307098v1	Temnothorax curvispinosus	https://ftp.ncbi.nlm.nih.gov/genomes/all/GCF/003/070/985/GCF_003070985.1_ASM307098v1/GCF_003070985.1_ASM307098v1_cds_from_genomic.fna.gz
GCF_002006095.1	ASM200609v1	Pseudomyrmex gracilis	https://ftp.ncbi.nlm.nih.gov/genomes/all/GCF/002/006/095/GCF_002006095.1_ASM200609v1/GCF_002006095.1_ASM200609v1_cds_from_genomic.fna.gz
GCF_001594055.1	Tzet1.0	Trachymyrmex zeteki	https://ftp.ncbi.nlm.nih.gov/genomes/all/GCA/001/594/055/GCA_001594055.1_Tzet1.0/GCA_001594055.1_Tzet1.0_cds_from_genomic.fna.gz
GCF_001594115.1	Tsep1.0	Trachymyrmex septentrionalis	https://ftp.ncbi.nlm.nih.gov/genomes/all/GCF/001/594/115/GCF_001594115.1_Tsep1.0/GCF_001594115.1_Tsep1.0_cds_from_genomic.fna.gz
GCF_001594075.1	Tcor1.0	Trachymyrmex cornetzi	https://ftp.ncbi.nlm.nih.gov/genomes/all/GCA/001/594/075/GCA_001594075.1_Tcor1.0/GCA_001594075.1_Tcor1.0_cds_from_genomic.fna.gz
GCF_001594065.1	Ccosl1.0	Cyphomyrmex costatus	https://ftp.ncbi.nlm.nih.gov/genomes/all/GCF/001/594/065/GCF_001594065.1_Ccosl1.0/GCF_001594065.1_Ccosl1.0_cds_from_genomic.fna.gz
GCF_001594045.1	Acol1.0	Atta colombica	https://ftp.ncbi.nlm.nih.gov/genomes/all/GCF/001/594/045/GCF_001594045.1_Acol1.0/GCF_001594045.1_Acol1.0_cds_from_genomic.fna.gz
GCF_001313825.1	ASM131382v1	Dinoponera quadriceps	https://ftp.ncbi.nlm.nih.gov/genomes/all/GCF/001/313/825/GCF_001313825.1_ASM131382v1/GCF_001313825.1_ASM131382v1_cds_from_genomic.fna.gz
GCA_001045655.1	ASM104565v1	Lasius niger	https://ftp.ncbi.nlm.nih.gov/genomes/all/GCA/001/045/655/GCA_001045655.1_ASM104565v1/GCA_001045655.1_ASM104565v1_cds_from_genomic.fna.gz
GCF_000956235.1	wasmannia.A_1.0	Wasmannia auropunctata	https://ftp.ncbi.nlm.nih.gov/genomes/all/GCF/000/956/235/GCF_000956235.1_wasmannia.A_1.0/GCF_000956235.1_wasmannia.A_1.0_cds_from_genomic.fna.gz
GCF_000949405.1	V.emery_V1.0	Vollenhovia emeryi	https://ftp.ncbi.nlm.nih.gov/genomes/all/GCF/000/949/405/GCF_000949405.1_V.emery_V1.0/GCF_000949405.1_V.emery_V1.0_cds_from_genomic.fna.gz
GCF_000217595.1	Lhum_UMD_V04	Linepithema humile	https://ftp.ncbi.nlm.nih.gov/genomes/all/GCF/000/217/595/GCF_000217595.1_Lhum_UMD_V04/GCF_000217595.1_Lhum_UMD_V04_cds_from_genomic.fna.gz
GCF_000204515.1	Aech_3.9	Acromyrmex echinatior	https://ftp.ncbi.nlm.nih.gov/genomes/all/GCF/000/204/515/GCF_000204515.1_Aech_3.9/GCF_000204515.1_Aech_3.9_cds_from_genomic.fna.gz
GCF_000187915.1	Pbar_UMD_V03	Pogonomyrmex barbatus	https://ftp.ncbi.nlm.nih.gov/genomes/all/GCF/000/187/915/GCF_000187915.1_Pbar_UMD_V03/GCF_000187915.1_Pbar_UMD_V03_cds_from_genomic.fna.gz
GCF_000143395.1	Attacep1.0	Atta cephalotes	https://ftp.ncbi.nlm.nih.gov/genomes/all/GCF/000/143/395/GCF_000143395.1_Attacep1.0/GCF_000143395.1_Attacep1.0_cds_from_genomic.fna.gz
GCF_000147175.1	CamFlo_1.0	Camponotus floridanus	https://ftp.ncbi.nlm.nih.gov/genomes/all/GCA/000/147/175/GCA_000147175.1_CamFlo_1.0/GCA_000147175.1_CamFlo_1.0_cds_from_genomic.fna.gz
