TRINITY_DN10044_c0_g1_i5.p1	sp|Q8MQS8|SP34_APIME	7.46e-36	86
TRINITY_DN105602_c0_g1_i1.p1	sp|Q7M4I3|SP4_BOMPE	1.24e-25	95
TRINITY_DN10793_c0_g1_i2.p1	sp|B5U2W0|VSP_BOMIG	1.14e-37	90
TRINITY_DN11387_c0_g1_i2.p1	sp|P0CH47|PA1_VESMG	2.79e-26	91
TRINITY_DN12177_c0_g1_i2.p1	sp|B5U2W0|VSP_BOMIG	6.60e-43	80
TRINITY_DN1230_c0_g2_i3.p1	sp|B2D0J5|EST6_APIME	3.27e-79	86
TRINITY_DN1320_c0_g1_i12.p1	sp|Q8MQS8|SP34_APIME	2.09e-22	85
TRINITY_DN13579_c0_g2_i2.p1	sp|B5U2W0|VSP_BOMIG	4.66e-23	80
TRINITY_DN13771_c0_g1_i4.p1	sp|B2D0J5|EST6_APIME	5.90e-21	85
TRINITY_DN1399_c0_g1_i13.p1	sp|P0DSI2|PA1_DINQU	1.72e-45	83
TRINITY_DN14125_c0_g1_i1.p1	sp|Q7M4I3|SP4_BOMPE	5.83e-25	88
TRINITY_DN14125_c0_g4_i2.p1	sp|Q7M4I3|SP4_BOMPE	2.22e-17	89
TRINITY_DN1561_c0_g1_i9.p1	sp|Q8MMG9|TREA_PIMHY	3.69e-129	97
TRINITY_DN16093_c0_g1_i1.p1	sp|P49369|PA1_VESVU	8.28e-29	88
TRINITY_DN1707_c0_g1_i5.p1	sp|B2D0J4|VDPP4_APIME	0.0	85
TRINITY_DN1814_c0_g2_i5.p1	sp|Q5BLY5|ACPH1_APIME	7.70e-56	88
TRINITY_DN1867_c0_g1_i3.p1	sp|Q8MQS8|SP34_APIME	9.09e-19	89
TRINITY_DN1935_c0_g1_i9.p1	sp|B1A4F7|VDDP4_VESVU	1.20e-108	93
TRINITY_DN19751_c0_g1_i1.p1	sp|B2D0J5|EST6_APIME	6.12e-78	98
TRINITY_DN2095_c0_g2_i1.p1	sp|Q8MQS8|SP34_APIME	1.18e-114	81
TRINITY_DN2112_c0_g1_i14.p1	sp|B2D0J5|EST6_APIME	5.80e-71	97
TRINITY_DN2112_c0_g2_i5.p1	sp|B2D0J5|EST6_APIME	2.59e-59	94
TRINITY_DN2161_c0_g1_i7.p1	sp|Q8MMH3|ARMT1_PIMHY	3.16e-61	95
TRINITY_DN2221_c0_g2_i4.p2	sp|A2VBC4|PA1_POLPI	6.92e-16	80
TRINITY_DN23208_c0_g1_i2.p1	sp|Q7M4I3|SP4_BOMPE	1.30e-33	89
TRINITY_DN236_c0_g6_i1.p1	sp|B2D0J5|EST6_APIME	0.0	98
TRINITY_DN2425_c0_g1_i6.p2	sp|B2D0J5|EST6_APIME	1.06e-50	80
TRINITY_DN2438_c0_g1_i6.p1	sp|Q5BLY5|ACPH1_APIME	1.76e-73	83
TRINITY_DN2438_c0_g2_i2.p1	sp|Q5BLY5|ACPH1_APIME	6.16e-140	92
TRINITY_DN2476_c0_g1_i4.p1	sp|Q08169|HUGA_APIME	1.33e-138	99
TRINITY_DN2476_c0_g2_i14.p1	sp|Q08169|HUGA_APIME	1.33e-138	99
TRINITY_DN248_c0_g1_i11.p2	sp|Q7M4I3|SP4_BOMPE	5.00e-29	90
TRINITY_DN24_c0_g1_i8.p5	sp|Q8MQS8|SP34_APIME	1.21e-34	98
TRINITY_DN2622_c0_g1_i3.p1	sp|Q5BLY5|ACPH1_APIME	1.52e-60	83
TRINITY_DN2844_c0_g1_i4.p1	sp|Q5BLY5|ACPH1_APIME	3.91e-115	92
TRINITY_DN2886_c0_g1_i8.p1	sp|Q8MMG9|TREA_PIMHY	0.0	86
TRINITY_DN2905_c0_g2_i3.p1	sp|Q7M4I3|SP4_BOMPE	1.70e-31	87
TRINITY_DN3072_c0_g1_i6.p1	sp|B2D0J5|EST6_APIME	1.03e-80	98
TRINITY_DN3123_c0_g2_i4.p1	sp|Q8MQS8|SP34_APIME	1.11e-35	86
TRINITY_DN3314_c0_g2_i1.p1	sp|P0DSI3|VA3_DINQU	1.30e-83	95
TRINITY_DN3944_c0_g1_i4.p1	sp|B2D0J4|VDPP4_APIME	0.0	99
TRINITY_DN440_c1_g2_i1.p1	sp|B5U2W0|VSP_BOMIG	1.47e-124	98
TRINITY_DN4446_c0_g1_i5.p1	sp|C9WMM5|VCP_APIME	3.60e-53	92
TRINITY_DN603_c0_g1_i11.p1	sp|B5U2W0|VSP_BOMIG	3.16e-34	94
TRINITY_DN6536_c0_g2_i3.p1	sp|B5U2W0|VSP_BOMIG	7.66e-35	95
TRINITY_DN6775_c0_g1_i10.p1	sp|Q5BLY5|ACPH1_APIME	1.12e-98	82
TRINITY_DN68771_c0_g1_i1.p1	sp|B5U2W0|VSP_BOMIG	1.08e-16	94
TRINITY_DN693_c0_g1_i14.p1	sp|D4P2Y4|VA52_POLPI	2.88e-23	88
TRINITY_DN737_c0_g1_i4.p1	sp|Q5BLY5|ACPH1_APIME	5.08e-34	97
TRINITY_DN7639_c0_g1_i4.p1	sp|Q5BLY5|ACPH1_APIME	2.31e-37	85
TRINITY_DN7746_c0_g2_i1.p1	sp|Q7M4I3|SP4_BOMPE	5.84e-33	88
TRINITY_DN79962_c0_g1_i1.p1	sp|P35785|VA5_VESPE	3.55e-17	99
TRINITY_DN799_c0_g1_i8.p1	sp|C9WMM5|VCP_APIME	0.0	99
TRINITY_DN9042_c0_g1_i1.p1	sp|B5U2W0|VSP_BOMIG	1.56e-16	85
TRINITY_DN9771_c0_g1_i3.p2	sp|I7GQA7|PA2_XYLAI	1.16e-45	95
