TRINITY_DN102948_c0_g1_i1.p2	CG2767	2.70e-28	91
TRINITY_DN1029_c0_g1_i2.p1	drat	4.02e-77	97
TRINITY_DN103_c1_g2_i8.p3	TpnC41C	2.00e-41	98
TRINITY_DN1066_c0_g1_i2.p1	Pka-C1	2.58e-17	83
TRINITY_DN1104_c0_g1_i1.p1	CG5104	1.05e-75	99
TRINITY_DN11387_c0_g1_i2.p1	CG5966	4.22e-28	90
TRINITY_DN1140_c0_g1_i9.p1	CG7378	1.57e-64	93
TRINITY_DN117_c0_g1_i20.p1	CG5498	2.46e-53	85
TRINITY_DN1230_c0_g2_i3.p1	alfa-Esterase-8	1.26e-59	90
TRINITY_DN1311_c0_g1_i6.p1	tailless	9.43e-65	83
TRINITY_DN13252_c0_g1_i1.p1	pros25	2.31e-47	82
TRINITY_DN13345_c0_g1_i1.p1	TpnC41C	7.53e-17	92
TRINITY_DN1402_c0_g1_i2.p1	hsc70-3	0.0	99
TRINITY_DN1403_c0_g1_i12.p1	fizzeled	0.0	96
TRINITY_DN1449_c0_g1_i23.p2	inos	1.36e-99	99
TRINITY_DN14557_c0_g1_i7.p1	CG10444	4.04e-78	84
TRINITY_DN1527_c0_g1_i2.p1	hsc70-3	0.0	93
TRINITY_DN1531_c0_g1_i11.p1	desat1	5.29e-49	81
TRINITY_DN1561_c0_g1_i9.p1	Treh	4.74e-78	93
TRINITY_DN15630_c0_g1_i1.p1	dissatisfaction	2.97e-28	93
TRINITY_DN1608_c0_g1_i1.p1	Pka-C1	0.0	100
TRINITY_DN16093_c0_g1_i1.p1	CG5966	3.74e-18	83
TRINITY_DN1643_c0_g1_i13.p1	desat1	5.46e-125	92
TRINITY_DN165_c0_g1_i8.p1	CG7900	3.43e-31	92
TRINITY_DN1681_c1_g1_i5.p1	Nurf-38	1.54e-141	99
TRINITY_DN16960_c0_g1_i5.p1	artichoke	2.86e-50	88
TRINITY_DN1799_c1_g2_i2.p1	14-3-3	1.30e-61	97
TRINITY_DN18272_c0_g1_i5.p1	swiss	0.0	99
TRINITY_DN1846_c0_g1_i1.p1	CG2767	1.15e-83	98
TRINITY_DN19751_c0_g1_i1.p1	Est1	6.78e-77	94
TRINITY_DN1976_c7_g1_i1.p1	hsc70-3	0.0	86
TRINITY_DN2037_c0_g1_i6.p1	couch	5.94e-106	97
TRINITY_DN2048_c0_g1_i3.p1	CG10444	3.30e-49	92
TRINITY_DN20619_c1_g1_i4.p1	CG10444	1.81e-166	96
TRINITY_DN20638_c0_g1_i4.p1	CG7900	7.59e-18	96
TRINITY_DN2109_c1_g1_i4.p1	artichoke	6.16e-46	86
TRINITY_DN2112_c0_g1_i14.p1	alfa-Esterase-8	1.15e-95	90
TRINITY_DN2112_c0_g2_i5.p1	alfa-Esterase-8	8.66e-92	94
TRINITY_DN2140_c0_g4_i4.p1	Darkener	1.99e-18	81
TRINITY_DN21_c0_g1_i22.p1	GNBP1	4.34e-67	95
TRINITY_DN2253_c0_g1_i11.p1	alfa-Esterase-8	5.49e-37	84
TRINITY_DN236_c0_g6_i1.p1	alfa-Esterase-8	5.75e-66	85
TRINITY_DN2408_c0_g1_i18.p1	pros25	1.12e-28	83
TRINITY_DN2425_c0_g1_i6.p2	Est1	6.54e-49	84
TRINITY_DN2436_c1_g1_i1.p2	SP71	3.82e-19	80
TRINITY_DN251_c1_g1_i3.p1	black	1.01e-61	87
TRINITY_DN2520_c0_g1_i2.p1	TpnC41C	8.23e-68	99
TRINITY_DN25215_c0_g1_i2.p1	pros25	5.70e-42	86
TRINITY_DN255_c0_g1_i6.p1	desat1	0.0	99
TRINITY_DN256_c2_g1_i3.p1	alfa-Esterase-8	5.48e-56	80
TRINITY_DN25906_c0_g2_i1.p2	hsc70-3	5.71e-44	100
TRINITY_DN259_c3_g1_i1.p1	14-3-3	2.84e-175	99
TRINITY_DN25_c0_g1_i17.p1	5-hydroxytryptamine	2.79e-33	95
TRINITY_DN2790_c4_g1_i1.p1	alpha-coatomer	2.90e-79	83
TRINITY_DN2886_c0_g1_i8.p1	Treh	0.0	88
TRINITY_DN2921_c0_g1_i4.p1	Btk	3.79e-51	92
TRINITY_DN2947_c0_g1_i6.p1	5-hydroxytryptamine	2.35e-76	92
TRINITY_DN2987_c0_g1_i1.p1	TpnC41C	2.80e-21	84
TRINITY_DN3065_c0_g1_i2.p1	kismet	1.82e-27	87
TRINITY_DN3066_c1_g1_i18.p1	Pka-C1	4.39e-48	86
TRINITY_DN3072_c0_g1_i6.p1	alfa-Esterase-8	4.75e-47	97
TRINITY_DN3136_c0_g2_i7.p1	black	0.0	82
TRINITY_DN3172_c0_g1_i6.p1	hsc70-3	0.0	95
TRINITY_DN319_c0_g1_i29.p1	CG32444	1.02e-85	88
TRINITY_DN3217_c1_g1_i4.p1	psf2	7.90e-70	99
TRINITY_DN32885_c0_g1_i2.p1	tailless	8.83e-98	95
TRINITY_DN3435_c0_g1_i4.p1	Glutaredoxin	8.43e-40	84
TRINITY_DN3465_c1_g1_i1.p1	CG10444	1.10e-110	92
TRINITY_DN3649_c0_g1_i1.p2	l(1)g0232	2.80e-21	82
TRINITY_DN3771_c0_g1_i10.p1	ebony	1.34e-16	83
TRINITY_DN3818_c0_g1_i15.p1	CG10444	2.83e-72	95
TRINITY_DN38223_c0_g1_i1.p1	Pka-C1	4.97e-119	99
TRINITY_DN3860_c0_g3_i5.p1	CG3397	1.02e-118	91
TRINITY_DN3940_c2_g1_i7.p1	pros25	7.20e-37	93
TRINITY_DN3961_c0_g1_i2.p1	Bx42	0.0	98
TRINITY_DN3971_c0_g2_i3.p1	beadex	5.10e-92	87
TRINITY_DN3995_c0_g1_i3.p2	med22	2.60e-73	95
TRINITY_DN4005_c0_g1_i2.p1	alpha-coatomer	0.0	99
TRINITY_DN4146_c0_g2_i7.p1	Multi-substrate	3.26e-64	97
TRINITY_DN4174_c2_g1_i2.p1	desat1	3.05e-146	87
TRINITY_DN42084_c0_g1_i2.p1	5-hydroxytryptamine	2.49e-57	92
TRINITY_DN4242_c0_g1_i12.p1	CG10444	7.19e-115	89
TRINITY_DN430_c0_g2_i6.p1	metabotropic	0.0	92
TRINITY_DN4376_c0_g1_i10.p1	Mub	4.60e-17	83
TRINITY_DN4559_c1_g1_i1.p1	chord	3.53e-126	98
TRINITY_DN4625_c0_g1_i2.p1	spichthyin	1.18e-99	97
TRINITY_DN4671_c0_g3_i2.p1	moody	2.51e-18	81
TRINITY_DN47881_c0_g1_i1.p1	14-3-3	3.35e-99	99
TRINITY_DN4900_c0_g1_i1.p1	l(1)g0232	8.25e-34	96
TRINITY_DN494_c0_g2_i1.p1	moody	6.43e-140	89
TRINITY_DN4987_c0_g1_i6.p1	5-hydroxytryptamine	4.30e-61	86
TRINITY_DN4996_c0_g1_i1.p1	CG10444	0.0	98
TRINITY_DN505_c4_g1_i2.p2	Pka-C1	3.00e-42	81
TRINITY_DN5075_c0_g1_i3.p1	CG10444	1.07e-108	92
TRINITY_DN5079_c0_g1_i4.p1	pros25	3.66e-50	92
TRINITY_DN5302_c0_g1_i1.p1	TpnC41C	4.42e-64	97
TRINITY_DN5325_c0_g1_i6.p1	black	1.18e-76	84
TRINITY_DN536_c0_g1_i8.p1	fizzeled	1.67e-18	89
TRINITY_DN536_c0_g2_i7.p1	fizzeled	1.67e-18	89
TRINITY_DN5370_c0_g2_i1.p1	Pka-C1	8.99e-101	93
TRINITY_DN5398_c0_g1_i2.p1	desat1	1.70e-54	86
TRINITY_DN539_c0_g1_i13.p1	CG2767	4.81e-88	92
TRINITY_DN5733_c0_g1_i2.p1	Btk	1.36e-61	96
TRINITY_DN5835_c0_g1_i1.p1	Darkener	1.33e-20	88
TRINITY_DN600_c0_g1_i2.p1	Btk	2.37e-108	92
TRINITY_DN632_c3_g3_i1.p1	fizzeled	3.51e-42	94
TRINITY_DN6485_c0_g1_i3.p1	pros25	1.05e-113	99
TRINITY_DN650_c0_g1_i7.p1	CG14591	1.15e-70	86
TRINITY_DN655_c0_g1_i4.p1	CG10444	0.0	95
TRINITY_DN6564_c0_g1_i2.p1	desat1	1.42e-82	99
TRINITY_DN6564_c0_g2_i4.p1	desat1	8.75e-60	99
TRINITY_DN6564_c0_g4_i1.p1	desat1	1.16e-117	92
TRINITY_DN67238_c0_g1_i1.p1	TpnC41C	1.02e-34	100
TRINITY_DN68068_c0_g1_i1.p2	hsc70-3	1.45e-22	86
TRINITY_DN684_c0_g4_i1.p2	Mub	1.53e-41	81
TRINITY_DN7129_c0_g1_i2.p1	ebony	0.0	99
TRINITY_DN712_c0_g1_i6.p1	Transaldolase	9.54e-168	98
TRINITY_DN715_c1_g1_i3.p1	CG5966	2.84e-134	88
TRINITY_DN7172_c0_g1_i3.p1	SP71	0.0	84
TRINITY_DN72076_c0_g1_i1.p2	hsc70-3	5.66e-50	100
TRINITY_DN736_c0_g1_i3.p1	Btk	0.0	98
TRINITY_DN740_c0_g1_i8.p1	GNBP1	4.38e-62	97
TRINITY_DN742_c0_g2_i2.p1	CG7900	9.86e-41	99
TRINITY_DN74489_c0_g1_i1.p2	hsc70-3	9.85e-78	99
TRINITY_DN7776_c0_g1_i1.p1	artichoke	7.17e-16	83
TRINITY_DN848_c1_g1_i12.p1	CG7900	1.39e-103	95
TRINITY_DN868_c0_g1_i5.p1	CG11899	3.86e-144	97
TRINITY_DN957_c0_g1_i7.p1	Lipophorin	0.0	92
