TRINITY_DN1047_c2_g1_i1.p1	DNAT2_DROME_arylalkylamine-N-acetyltransferase-2	2.17e-08	94
TRINITY_DN1268_c0_g1_i7.p1	PAIN_DROME-Painless	5.09e-57	53
TRINITY_DN1268_c0_g2_i1.p1	PAIN_DROME-Painless	2.64e-43	48
TRINITY_DN1374_c1_g1_i3.p1	PPO2_DROME_prophenoloxidase-2	7.25e-13	46
TRINITY_DN1634_c0_g1_i2.p1	EBO_DROME_N-beta-alanyl-dopamine-synthetase	1.74e-11	90
TRINITY_DN1729_c0_g1_i20.p1	HGD_DROME_Homogentisate-1,2-dioxygenase	1.47e-118	86
TRINITY_DN1855_c1_g2_i4.p1	PAIN_DROME-Painless	7.15e-71	82
TRINITY_DN1907_c0_g1_i4.p1	PAIN_DROME-Painless	1.31e-09	50
TRINITY_DN22693_c0_g1_i1.p1	G6PD_DROME_Glucose-6-phosphate-1-dehydrogenase	0.0	98
TRINITY_DN2314_c0_g1_i4.p1	PPO2_DROME_prophenoloxidase-2	1.27e-166	91
TRINITY_DN2392_c0_g1_i4.p1	PAIN_DROME-Painless	4.56e-75	76
TRINITY_DN32199_c0_g1_i4.p1	EBO_DROME_N-beta-alanyl-dopamine-synthetase	3.81e-09	79
TRINITY_DN32976_c0_g1_i1.p1	PPO3_DROME_prophenoloxidase-3	7.79e-63	87
TRINITY_DN3325_c0_g1_i1.p1	PAIN_DROME-Painless	1.26e-78	79
TRINITY_DN3352_c0_g1_i5.p1	A0A6P4F8I2_DRORH_dual-oxidase-maturation-factor-1	9.41e-82	96
TRINITY_DN3654_c1_g1_i7.p1	PAIN_DROME-Painless	2.16e-23	45
TRINITY_DN3771_c0_g1_i10.p1	EBO_DROME_N-beta-alanyl-dopamine-synthetase	1.15e-17	83
TRINITY_DN579_c0_g1_i18.p1	EBO_DROME_N-beta-alanyl-dopamine-synthetase	5.31e-17	70
TRINITY_DN63_c0_g1_i3.p1	EBO_DROME_N-beta-alanyl-dopamine-synthetase	1.32e-10	48
TRINITY_DN63_c0_g3_i3.p1	EBO_DROME_N-beta-alanyl-dopamine-synthetase	3.32e-14	64
TRINITY_DN63_c0_g4_i2.p1	EBO_DROME_N-beta-alanyl-dopamine-synthetase	6.51e-11	62
TRINITY_DN63_c0_g5_i1.p1	EBO_DROME_N-beta-alanyl-dopamine-synthetase	3.81e-10	62
TRINITY_DN6427_c0_g1_i4.p1	PAIN_DROME-Painless	2.77e-30	40
TRINITY_DN6760_c0_g1_i1.p1	PPO3_DROME_prophenoloxidase-3	4.63e-38	74
TRINITY_DN7129_c0_g1_i2.p1	EBO_DROME_N-beta-alanyl-dopamine-synthetase	0.0	99
TRINITY_DN7824_c0_g1_i1.p1	PAIN_DROME-Painless	3.26e-22	94
TRINITY_DN8721_c0_g1_i12.p1	EBO_DROME_N-beta-alanyl-dopamine-synthetase	3.15e-11	78
TRINITY_DN8869_c0_g1_i1.p1	EBO_DROME_N-beta-alanyl-dopamine-synthetase	5.77e-14	89
