transcript	homolog	mean_AD	mean_CT	logFC	padj	module_AD	module_CT
TRINITY_DN10044_c0_g1		not exp	not in GCN	not in GCN
TRINITY_DN103_c4_g1		117.781954592482	97.1751996374403	-0.614627265051478	0.0395117673756283	not in GCN	7
TRINITY_DN105602_c0_g1		not exp	not in GCN	not in GCN
TRINITY_DN10793_c0_g1		not exp	not in GCN	not in GCN
TRINITY_DN11387_c0_g1		15.818867885235	17.921502956875	0.30724667907427	0.820201889025307	not in GCN	not in GCN
TRINITY_DN1197_c1_g1		62.3276718207852	73.8861215367798	0.441874191324014	0.433958433273986	not in GCN	3
TRINITY_DN12043_c0_g1		not exp	not in GCN	not in GCN
TRINITY_DN12063_c0_g2		12.1608689757128	6.08043448785642	-4.60469413453494	0.00220094717285037	not in GCN	16
TRINITY_DN12177_c0_g1		not exp	not in GCN	not in GCN
TRINITY_DN1220_c0_g3		112.696977489598	58.6925882421651	-4.49757739362883	1.94393193050288e-19	not in GCN	15
TRINITY_DN1230_c0_g2		548.40844880556	830.238789541212	1.01607087613285	3.21458685637335e-08	not in GCN	2
TRINITY_DN12578_c0_g1		not exp	not in GCN	not in GCN
TRINITY_DN12812_c0_g2		not exp	not in GCN	not in GCN
TRINITY_DN1320_c0_g1		10.4278283807786	10610.6442528804	10.09179765587	4.69667071275351e-38	not in GCN	not in GCN
TRINITY_DN13579_c0_g2		39.3900266104725	49.9917217498837	0.580420175900376	0.565251853159258	not in GCN	18
TRINITY_DN1358_c0_g1		316.019868117553	325.800187850043	0.0860975711046418	0.81674561823188	not in GCN	35
TRINITY_DN13771_c0_g1		225.885438972661	437.174615783407	1.5154172737724	2.70293689597122e-17	not in GCN	3
TRINITY_DN1399_c0_g1		0.945439430662197	352.462413096597	9.02837413013923	5.68278136240958e-48	not in GCN	not in GCN
TRINITY_DN14109_c0_g1		not exp	not in GCN	not in GCN
TRINITY_DN14125_c0_g1		16.1199054812043	8.05995274060216	-4.88862829878035	0.000896171058128419	not in GCN	37
TRINITY_DN14125_c0_g2		not exp	not in GCN	not in GCN
TRINITY_DN14125_c0_g4		119.305846159243	59.6529230796217	-6.99768560574864	7.08454667374188e-08	not in GCN	16
TRINITY_DN14834_c0_g2		67.7754454717077	51.2816270042092	-0.949224523073502	0.0137991026578613	not in GCN	32
TRINITY_DN14834_c0_g2		67.7754454717077	51.2816270042092	-0.949224523073502	0.0137991026578613	not in GCN	32
TRINITY_DN14834_c0_g2		67.7754454717077	51.2816270042092	-0.949224523073502	0.0137991026578613	not in GCN	32
TRINITY_DN14834_c0_g2		67.7754454717077	51.2816270042092	-0.949224523073502	0.0137991026578613	not in GCN	32
TRINITY_DN14834_c0_g2		67.7754454717077	51.2816270042092	-0.949224523073502	0.0137991026578613	not in GCN	32
TRINITY_DN1561_c0_g1		2977.6199006926	1816.41215033774	-2.15872320635495	2.34981041269352e-11	not in GCN	3
TRINITY_DN1598_c0_g1		1.94847155924119	8379.7297505795	12.5743184526377	3.19201997333377e-120	not in GCN	not in GCN
TRINITY_DN16093_c0_g1		not exp	not in GCN	not in GCN
TRINITY_DN1684_c0_g1		74.1110187386791	570.048106308877	3.80791330663619	7.35315054605502e-40	not in GCN	16
TRINITY_DN1707_c0_g1		125.34744249185	77.0773491317831	-2.09929101998401	2.38088078633661e-16	not in GCN	7
TRINITY_DN17430_c0_g1		15.4301361420056	17.0298045379075	0.265652250558408	0.737307613485139	not in GCN	3
TRINITY_DN17572_c0_g1		not exp	not in GCN	not in GCN
TRINITY_DN1814_c0_g2		192.841573969561	241.593244640898	0.58835640211457	0.000103897190282758	not in GCN	3
TRINITY_DN1867_c0_g1		115.362039037479	95.1136379407772	-0.59362852954817	0.496244788946097	not in GCN	2
TRINITY_DN19194_c0_g1		10.3528601973198	9.8224158139021	-0.102693062949503	0.965763130665121	not in GCN	not in GCN
TRINITY_DN1935_c0_g1		505.821240037813	340.850560197224	-1.50993533368958	1.04668506959566e-07	not in GCN	23
TRINITY_DN1953_c0_g1		2257.22418884951	1129.61086828842	-9.45516965574583	3.98812221572009e-41	not in GCN	not in GCN
TRINITY_DN1957_c0_g1		49.1718010483334	26.3594899526518	-3.64591105799075	3.68194554684405e-14	not in GCN	41
TRINITY_DN19751_c0_g1		12.0404614373583	6.1380389970336	-3.60305493012417	0.0204962208803104	not in GCN	39
TRINITY_DN1976_c0_g1		108.054176469817	65.8044766230139	-2.17981367431907	2.3824118138302e-13	not in GCN	41
TRINITY_DN204_c0_g2		53.9269294930694	92.6394829154708	1.2546738734522	0.0141515798028729	not in GCN	26
TRINITY_DN2095_c0_g2		not exp	not in GCN	not in GCN
TRINITY_DN2112_c0_g1		2458.56916491517	2044.02479016584	-0.590400767383385	0.0100555163885738	not in GCN	16
TRINITY_DN2112_c0_g2		739.071748881228	1054.23909287011	0.887056557195488	5.98902570618425e-08	not in GCN	3
TRINITY_DN2161_c0_g1		305.806988760806	413.156586197729	0.762360397743858	0.000229063526725579	not in GCN	16
TRINITY_DN2164_c1_g1		283.637038304693	288.602091319168	0.0514674138750946	0.849955015143877	not in GCN	2
TRINITY_DN2221_c0_g2		94.5745053695514	47.6318789712128	-6.42965219850663	4.01486132459094e-17	not in GCN	not in GCN
TRINITY_DN2253_c0_g1		1134.26290555586	1220.51900729709	0.204455773483645	0.270769027744525	not in GCN	2
TRINITY_DN2305_c0_g1		144.759658404687	160.234776574625	0.277167353601904	0.452157238878169	not in GCN	4
TRINITY_DN2305_c0_g1		144.759658404687	160.234776574625	0.277167353601904	0.452157238878169	not in GCN	4
TRINITY_DN2305_c0_g1		144.759658404687	160.234776574625	0.277167353601904	0.452157238878169	not in GCN	4
TRINITY_DN2305_c0_g1		144.759658404687	160.234776574625	0.277167353601904	0.452157238878169	not in GCN	4
TRINITY_DN2305_c0_g1		144.759658404687	160.234776574625	0.277167353601904	0.452157238878169	not in GCN	4
TRINITY_DN2305_c0_g1		144.759658404687	160.234776574625	0.277167353601904	0.452157238878169	not in GCN	4
TRINITY_DN2305_c0_g1		144.759658404687	160.234776574625	0.277167353601904	0.452157238878169	not in GCN	4
TRINITY_DN2305_c0_g1		144.759658404687	160.234776574625	0.277167353601904	0.452157238878169	not in GCN	4
TRINITY_DN2305_c0_g1		144.759658404687	160.234776574625	0.277167353601904	0.452157238878169	not in GCN	4
TRINITY_DN2305_c0_g1		144.759658404687	160.234776574625	0.277167353601904	0.452157238878169	not in GCN	4
TRINITY_DN23208_c0_g1		not exp	not in GCN	not in GCN
TRINITY_DN236_c0_g6		206.573933108612	550.944920890832	2.09188650940454	4.80298699492495e-11	not in GCN	3
TRINITY_DN239_c0_g1		209.319567091057	192.777631095815	-0.244986494602053	0.194493161348173	not in GCN	41
TRINITY_DN2425_c0_g1		180.022614819525	104.230586273456	-2.602207199535	9.03757446563626e-09	not in GCN	4
TRINITY_DN2438_c0_g1		807.281220403657	1064.10157583087	0.707063739568873	0.00191147062574822	not in GCN	3
TRINITY_DN2438_c0_g2		15.0346525190885	161.774935110394	4.23560915562234	3.59900731974573e-18	not in GCN	3
TRINITY_DN2441_c0_g2		0.781852810540624	297.637491309151	8.83079491371865	1.5892692475499e-33	not in GCN	not in GCN
TRINITY_DN2476_c0_g1		124.755905956637	235.371655181567	1.45109215803231	8.34068962320823e-05	not in GCN	23
TRINITY_DN2476_c0_g2		18.7930699476423	24.2554840552817	0.639831958884303	0.18615080693364	not in GCN	35
TRINITY_DN248_c0_g1		413.579168501908	635.562184634415	1.04757690116343	2.73987439514933e-10	not in GCN	23
TRINITY_DN24_c0_g1		2392.54461590543	2829.95541892558	0.446129539332161	0.156216107427789	not in GCN	16
TRINITY_DN256_c2_g1		407.220479334647	233.603533613422	-2.71314173500657	3.80333047631077e-12	not in GCN	41
TRINITY_DN2593_c0_g1		24.7607645412712	104.130425034694	2.84766623955148	7.93272542416049e-15	not in GCN	15
TRINITY_DN2622_c0_g1		3.91411941564001	200.270780574637	6.38449172108199	1.6563174856142e-28	not in GCN	not in GCN
TRINITY_DN2719_c0_g1		1700.58381657298	904.132078974034	-3.86774522546298	4.72719071000523e-15	not in GCN	16
TRINITY_DN2721_c0_g1		85.596174972302	68.6768502503686	-0.721194199501084	0.0208297976344739	not in GCN	32
TRINITY_DN27389_c0_g1		not exp	not in GCN	not in GCN
TRINITY_DN2745_c0_g2		157.186325265888	295.769046288867	1.42995433137934	0.00585623539696748	not in GCN	18
TRINITY_DN2844_c0_g1		850.725910330051	1234.8300823648	0.922968127765245	8.85724695646263e-05	not in GCN	2
TRINITY_DN2886_c0_g1		1068.3378348873	793.773038100505	-1.0327416132813	0.000101149606085228	not in GCN	1
TRINITY_DN2905_c0_g2		10.5981982558778	7503.79897793924	9.45318986471785	7.44144040220535e-29	not in GCN	not in GCN
TRINITY_DN2934_c0_g1		100.30747554159	92.6498347329594	-0.23143364351163	0.511763558057709	not in GCN	9
TRINITY_DN3002_c0_g2		not exp	not in GCN	not in GCN
TRINITY_DN3072_c0_g1		1055.063729218	2191.96020254123	1.65070344209896	4.44245276642951e-18	not in GCN	3
TRINITY_DN3119_c0_g1		42.110280945992	364.40738460799	3.8868037619735	1.67453900407541e-12	not in GCN	3
TRINITY_DN3123_c0_g2		115.976793892513	95.9392264411054	-0.602411395796506	0.2128332171423	not in GCN	10
TRINITY_DN32796_c0_g1		not exp	not in GCN	not in GCN
TRINITY_DN33023_c0_g1		not exp	not in GCN	not in GCN
TRINITY_DN3314_c0_g2		477.379863036692	385.676466362477	-0.689489904573641	0.0856418742640105	not in GCN	16
TRINITY_DN33321_c0_g1		not exp	not in GCN	not in GCN
TRINITY_DN33789_c0_g1		not exp	not in GCN	not in GCN
TRINITY_DN33789_c0_g2		not exp	not in GCN	not in GCN
TRINITY_DN3567_c0_g1		197.315430813818	521.668185674255	2.09253738021037	3.11466761357044e-34	not in GCN	13
TRINITY_DN3645_c0_g1		304.987243389301	625.881557431912	1.62944934168663	1.31033537611584e-34	not in GCN	1
TRINITY_DN382_c0_g1		177995.524567573	89016.1512093288	-11.0323230024982	7.02379050053482e-39	not in GCN	16
TRINITY_DN3944_c0_g1		71.149153525256	321.2225336782	2.9666625369164	7.27808633405242e-19	not in GCN	18
TRINITY_DN4203_c0_g1		196.983123825137	398.164723992611	1.59672702001968	1.10146170647535e-11	not in GCN	11
TRINITY_DN4241_c0_g2		19.2522437586379	9.62612187931893	-4.85772742446962	0.00114216598619976	not in GCN	16
TRINITY_DN4241_c0_g3		150.560239418381	75.2801197091907	-8.15663515917996	5.54957371587546e-13	not in GCN	16
TRINITY_DN440_c1_g2		1913.71974001487	3319.11928705947	1.29811337065395	3.86455811502073e-11	not in GCN	32
TRINITY_DN4446_c0_g1		0.31402161131294	420.141684347843	10.3188829128459	5.99296901570297e-44	not in GCN	not in GCN
TRINITY_DN4484_c0_g2		106.051333862461	107.851931686381	0.0479951387533127	0.904844021119901	not in GCN	3
TRINITY_DN448_c0_g1		227.926984127505	113.963492063752	-8.51876904927904	4.48771305027414e-14	not in GCN	16
TRINITY_DN448_c0_g2		137339.893569352	68692.266284205	-11.2883106673655	1.60463902522499e-136	not in GCN	16
TRINITY_DN455_c1_g1		20525.8948801483	23100.522414626	0.321771148044123	0.146435121552474	not in GCN	3
TRINITY_DN461_c0_g1		373.410369634778	334.980177957436	-0.331209846951978	0.2326776522359	not in GCN	2
TRINITY_DN463_c0_g1		417.480616832512	505.24092912147	0.505741534966823	2.87273133707408e-05	not in GCN	2
TRINITY_DN496_c0_g1		544.185802417117	750.780142783269	0.809011682118571	0.00369435198614795	not in GCN	32
TRINITY_DN5194_c0_g1		1.48315743642461	40.4560475135013	4.58192539662298	0.000249136889195857	not in GCN	not in GCN
TRINITY_DN5349_c0_g1		2038.29858043661	4279.89870141595	1.67123886263236	2.53377442873051e-19	not in GCN	2
TRINITY_DN5638_c0_g1		0.305201874644942	102.470043124196	7.98388862731587	6.07947813688658e-17	not in GCN	not in GCN
TRINITY_DN5722_c1_g1		398.34775641026	225.42204701922	-2.90949171620429	2.38245218908716e-35	not in GCN	41
TRINITY_DN5722_c1_g1		398.34775641026	225.42204701922	-2.90949171620429	2.38245218908716e-35	not in GCN	41
TRINITY_DN5803_c0_g1		116.146626565213	70.3705992058197	-2.18042355919019	3.44501366919877e-06	not in GCN	3
TRINITY_DN59090_c0_g1		not exp	not in GCN	not in GCN
TRINITY_DN603_c0_g1		1599.38403392204	4968.92267143804	2.36719873324088	1.69106631934289e-24	not in GCN	18
TRINITY_DN6199_c0_g1		3.48286937662376	25.5116819320567	3.58748633744771	3.48347069100255e-08	not in GCN	not in GCN
TRINITY_DN6213_c0_g1		20.5930337685398	22.1950362259785	0.197994281931856	0.8698198632298	not in GCN	15
TRINITY_DN6536_c0_g2		248.146562048125	559.968602336966	1.80755072131265	1.11759107257106e-35	not in GCN	3
TRINITY_DN66554_c0_g1		not exp	not in GCN	not in GCN
TRINITY_DN6775_c0_g1		4.31046081360679	21.1389059571139	2.70568395389937	1	not in GCN	not in GCN
TRINITY_DN68771_c0_g1		not exp	not in GCN	not in GCN
TRINITY_DN6898_c0_g1		not exp	not in GCN	not in GCN
TRINITY_DN68_c0_g1		2417.19380402072	3348.1984159972	0.822506833264209	2.50662629594332e-10	not in GCN	1
TRINITY_DN693_c0_g1		275.049548993396	247.752092540994	-0.315701821041616	0.427223791237881	not in GCN	15
TRINITY_DN702_c0_g3		2650.61425660776	6020.41779789643	1.8206263819471	2.84614511592181e-38	not in GCN	1
TRINITY_DN7043_c0_g1		11.1995712104905	9.1025312536432	-0.636015770063159	0.565366228584424	not in GCN	not in GCN
TRINITY_DN7068_c0_g1		7.67433890516343	9.92905601738848	0.628717650564483	0.496319624346051	not in GCN	not in GCN
TRINITY_DN715_c0_g2		764.109239133943	419.172349092482	-3.33592407534739	1.49529583972639e-31	not in GCN	32
TRINITY_DN715_c1_g1		605.496651746867	1439.5850569395	1.8994181729261	4.73389686387048e-20	not in GCN	18
TRINITY_DN737_c0_g1		718.849066739853	592.074644832619	-0.624753149912752	0.0124353914139141	not in GCN	2
TRINITY_DN7498_c0_g1		11.6945628865978	16.5763570528883	0.841694467896626	0.138789519922871	not in GCN	not in GCN
TRINITY_DN755_c0_g4		62.4102927489126	38.6390987455089	-2.04793171769995	1.35029032820084e-09	not in GCN	15
TRINITY_DN7593_c0_g1		20.5701062549741	47.0965997051754	1.80673934404244	2.71523528188403e-06	not in GCN	1
TRINITY_DN7616_c0_g1		1.52480072263244	13.0962294727502	3.4644044331459	0.00155778059631816	not in GCN	not in GCN
TRINITY_DN7639_c0_g1		29.327657238282	54.8904918283687	1.45140196541258	1.03853762285557e-08	not in GCN	3
TRINITY_DN7651_c0_g1		33.7807427668381	20.1364227571179	-1.99907772994587	0.141533856578023	not in GCN	not in GCN
TRINITY_DN7746_c0_g2		not exp	not in GCN	not in GCN
TRINITY_DN7752_c2_g1		not exp	not in GCN	not in GCN
TRINITY_DN7879_c0_g1		18.9628718066285	21.9397092503495	0.382745757252316	0.485903669236416	not in GCN	18
TRINITY_DN79962_c0_g1		not exp	not in GCN	not in GCN
TRINITY_DN799_c0_g1		983.71872884776	1385.93730955909	0.85876685592457	8.44677507377123e-07	not in GCN	2
TRINITY_DN8693_c0_g1		not exp	not in GCN	not in GCN
TRINITY_DN896_c1_g1		67.0219193070019	50.4925282583471	-0.95942693268883	0.0753083954494895	not in GCN	40
TRINITY_DN898_c0_g1		15.3449008637832	299.061126670114	5.17196812376923	5.09150871790053e-50	not in GCN	not in GCN
TRINITY_DN9042_c0_g1		not exp	not in GCN	not in GCN
TRINITY_DN9062_c0_g1		1369.76154197592	13660.0680430092	4.12804632183264	1.00845615664769e-17	not in GCN	23
TRINITY_DN91285_c0_g1		not exp	not in GCN	not in GCN
TRINITY_DN9642_c0_g1		not exp	not in GCN	not in GCN
TRINITY_DN9771_c0_g1		11.6451844990372	13.8761565372822	0.406976225626255	0.805558987043661	not in GCN	not in GCN
TRINITY_DN9802_c0_g1		25.2094895397629	21.3938384264753	-0.481908187119428	0.645243216704866	not in GCN	17
