module_1	43	519
module_2	103	1976
module_3	79	781
module_4	11	314
module_5	1	174
module_6	3	154
module_7	7	87
module_8	0	94
module_9	4	147
module_10	1	51
module_11	0	187
module_12	4	169
module_13	7	54
module_14	34	637
module_15	39	350
module_16	20	298
module_17	1	55
module_18	28	302
module_19	0	56
module_20	1	251
module_21	0	57
module_22	5	227
module_23	13	422
module_24	0	61
module_25	7	304
module_26	2	150
module_27	0	62
module_28	0	99
module_29	3	435
module_30	0	71
module_31	6	418
module_32	51	580
module_33	1	189
module_34	2	106
module_35	21	326
module_36	10	84
module_37	1	130
module_38	0	73
module_39	8	99
module_40	5	332
module_41	59	2588
module_42	2	99
module_43	0	131
module_44	8	660
module_45	1	84
